<?xml version="1.0" encoding="UTF-8"?>
<coverage generated="1633624700500" clover="3.2.0">
  <project timestamp="1633624700501" name="All files">
    <metrics statements="4" coveredstatements="4" conditionals="0" coveredconditionals="0" methods="2" coveredmethods="2" elements="6" coveredelements="6" complexity="0" loc="4" ncloc="4" packages="1" files="1" classes="1"/>
    <file name="makeRobot.js" path="/Users/mrosa/Desktop/javascript/js_task_make_robot/src/makeRobot.js">
      <metrics statements="4" coveredstatements="4" conditionals="0" coveredconditionals="0" methods="2" coveredmethods="2"/>
      <line num="41" count="21" type="stmt"/>
      <line num="51" count="1" type="stmt"/>
      <line num="55" count="21" type="stmt"/>
      <line num="58" count="1" type="stmt"/>
    </file>
  </project>
</coverage>
