{"/Users/mrosa/Desktop/javascript/js_task_make_robot/src/makeRobot.js": {"path":"/Users/mrosa/Desktop/javascript/js_task_make_robot/src/makeRobot.js","statementMap":{"0":{"start":{"line":41,"column":16},"end":{"line":53,"column":3}},"1":{"start":{"line":51,"column":6},"end":{"line":51,"column":63}},"2":{"start":{"line":55,"column":2},"end":{"line":55,"column":15}},"3":{"start":{"line":58,"column":0},"end":{"line":58,"column":27}}},"fnMap":{"0":{"name":"makeRobot","decl":{"start":{"line":40,"column":9},"end":{"line":40,"column":18}},"loc":{"start":{"line":40,"column":42},"end":{"line":56,"column":1}},"line":40},"1":{"name":"(anonymous_1)","decl":{"start":{"line":50,"column":4},"end":{"line":50,"column":5}},"loc":{"start":{"line":50,"column":15},"end":{"line":52,"column":5}},"line":50}},"branchMap":{},"s":{"0":21,"1":1,"2":21,"3":1},"f":{"0":21,"1":1},"b":{},"_coverageSchema":"43e27e138ebf9cfc5966b082cf9a028302ed4184","hash":"caa6321c839391bd07d3eae9bb4f687c56ed30f6"}
}
